2021-10-30 14:27:18  INFO CreateServiceRunnable:87 - CreateServiceRunnable initialization complete!
2021-10-30 14:27:18  INFO CreateServiceRunnable:99 - CreateServiceRunnable is running...
2021-10-30 14:27:18  INFO CreateServiceRunnable:338 - Start test mode!
2021-10-30 14:29:19 ERROR CreateServiceRunnable:385 - java.net.SocketTimeoutException: Read timed out
2021-10-30 14:33:16  INFO CreateServiceRunnable:87 - CreateServiceRunnable initialization complete!
2021-10-30 14:33:16  INFO CreateServiceRunnable:99 - CreateServiceRunnable is running...
2021-10-30 14:33:16  INFO CreateServiceRunnable:338 - Start test mode!
2021-10-30 14:33:27  INFO CreateServiceRunnable:399 - Accepted 111111112
2021-10-30 14:33:27  INFO CreateServiceRunnable:413 - Welcome 111111112,111111112
2021-10-30 14:37:23  INFO CreateServiceRunnable:87 - CreateServiceRunnable initialization complete!
2021-10-30 14:37:23  INFO CreateServiceRunnable:99 - CreateServiceRunnable is running...
2021-10-30 14:37:23  INFO CreateServiceRunnable:338 - Start test mode!
2021-10-30 14:38:03 ERROR CreateServiceRunnable:385 - java.net.SocketTimeoutException: Read timed out
2021-10-30 14:51:33  INFO CreateServiceRunnable:87 - CreateServiceRunnable initialization complete!
2021-10-30 14:51:33  INFO CreateServiceRunnable:99 - CreateServiceRunnable is running...
2021-10-30 14:51:33  INFO CreateServiceRunnable:338 - Start test mode!
2021-10-30 14:51:45  INFO CreateServiceRunnable:399 - Accepted 111111112
2021-10-30 14:51:45  INFO CreateServiceRunnable:413 - Welcome 111111112,111111112
2021-10-30 15:03:19  INFO CreateServiceRunnable:87 - CreateServiceRunnable initialization complete!
2021-10-30 15:03:19  INFO CreateServiceRunnable:99 - CreateServiceRunnable is running...
2021-10-30 15:03:19  INFO CreateServiceRunnable:338 - Start test mode!
2021-10-30 15:04:17  INFO CreateServiceRunnable:87 - CreateServiceRunnable initialization complete!
2021-10-30 15:04:17  INFO CreateServiceRunnable:99 - CreateServiceRunnable is running...
2021-10-30 15:04:17  INFO CreateServiceRunnable:338 - Start test mode!
2021-10-30 15:04:31  INFO CreateServiceRunnable:399 - Accepted 111111112
2021-10-30 15:04:31  INFO CreateServiceRunnable:413 - Welcome 111111112,111111112
2021-10-30 15:05:18  INFO CreateServiceRunnable:87 - CreateServiceRunnable initialization complete!
2021-10-30 15:05:18  INFO CreateServiceRunnable:99 - CreateServiceRunnable is running...
2021-10-30 15:05:18  INFO CreateServiceRunnable:338 - Start test mode!
2021-10-30 15:05:33  INFO CreateServiceRunnable:399 - Accepted 111111112
2021-10-30 15:05:33  INFO CreateServiceRunnable:413 - Welcome 111111112,111111112
2021-10-30 15:05:59  INFO CreateServiceRunnable:87 - CreateServiceRunnable initialization complete!
2021-10-30 15:05:59  INFO CreateServiceRunnable:99 - CreateServiceRunnable is running...
2021-10-30 15:05:59  INFO CreateServiceRunnable:338 - Start test mode!
2021-10-30 15:06:05  INFO CreateServiceRunnable:399 - Accepted 111111112
2021-10-30 15:06:05  INFO CreateServiceRunnable:413 - Welcome 111111112,111111112
2021-10-30 15:06:49  INFO CreateServiceRunnable:87 - CreateServiceRunnable initialization complete!
2021-10-30 15:06:49  INFO CreateServiceRunnable:99 - CreateServiceRunnable is running...
2021-10-30 15:06:49  INFO CreateServiceRunnable:338 - Start test mode!
2021-10-30 15:08:36  INFO CreateServiceRunnable:87 - CreateServiceRunnable initialization complete!
2021-10-30 15:08:36  INFO CreateServiceRunnable:99 - CreateServiceRunnable is running...
2021-10-30 15:08:36  INFO CreateServiceRunnable:338 - Start test mode!
2021-10-30 15:08:50  INFO CreateServiceRunnable:399 - Accepted 111111112
2021-10-30 15:08:50  INFO CreateServiceRunnable:413 - Welcome 111111112,111111112
2021-10-30 15:09:42  INFO CreateServiceRunnable:87 - CreateServiceRunnable initialization complete!
2021-10-30 15:10:01  INFO CreateServiceRunnable:99 - CreateServiceRunnable is running...
2021-10-30 15:10:01  INFO CreateServiceRunnable:338 - Start test mode!
2021-10-30 15:11:01  INFO CreateServiceRunnable:399 - Accepted 111111112
2021-10-30 15:11:01  INFO CreateServiceRunnable:413 - Welcome 111111112,111111112
2021-10-30 15:11:57  INFO CreateServiceRunnable:87 - CreateServiceRunnable initialization complete!
2021-10-30 15:11:57  INFO CreateServiceRunnable:99 - CreateServiceRunnable is running...
2021-10-30 15:11:57  INFO CreateServiceRunnable:338 - Start test mode!
2021-10-30 15:12:03  INFO CreateServiceRunnable:399 - Accepted 111111112
2021-10-30 15:12:03  INFO CreateServiceRunnable:413 - Welcome 111111112,111111112
2021-10-30 15:13:50  INFO CreateServiceRunnable:87 - CreateServiceRunnable initialization complete!
2021-10-30 15:13:50  INFO CreateServiceRunnable:99 - CreateServiceRunnable is running...
2021-10-30 15:13:50  INFO CreateServiceRunnable:338 - Start test mode!
2021-10-30 15:13:58  INFO CreateServiceRunnable:399 - Accepted 111111112
2021-10-30 15:13:58  INFO CreateServiceRunnable:413 - Welcome 111111112,111111112
2021-10-30 15:14:50  INFO CreateServiceRunnable:87 - CreateServiceRunnable initialization complete!
2021-10-30 15:14:50  INFO CreateServiceRunnable:99 - CreateServiceRunnable is running...
2021-10-30 15:14:50  INFO CreateServiceRunnable:338 - Start test mode!
2021-10-30 15:14:55  INFO CreateServiceRunnable:399 - Accepted 111111112
2021-10-30 15:14:55  INFO CreateServiceRunnable:413 - Welcome 111111112,111111112
2021-10-30 15:20:19  INFO CreateServiceRunnable:87 - CreateServiceRunnable initialization complete!
2021-10-30 15:20:19  INFO CreateServiceRunnable:99 - CreateServiceRunnable is running...
2021-10-30 15:20:19  INFO CreateServiceRunnable:338 - Start test mode!
2021-10-30 15:20:24  INFO CreateServiceRunnable:399 - Accepted 111111112
2021-10-30 15:20:24  INFO CreateServiceRunnable:413 - Welcome 111111112,111111112
2021-10-30 15:20:52  INFO CreateServiceRunnable:87 - CreateServiceRunnable initialization complete!
2021-10-30 15:20:52  INFO CreateServiceRunnable:99 - CreateServiceRunnable is running...
2021-10-30 15:20:52  INFO CreateServiceRunnable:338 - Start test mode!
2021-10-30 15:21:12  INFO CreateServiceRunnable:399 - Accepted 111111112
2021-10-30 15:21:12  INFO CreateServiceRunnable:413 - Welcome 111111112,111111112
2021-10-30 15:21:40  INFO CreateServiceRunnable:87 - CreateServiceRunnable initialization complete!
2021-10-30 15:21:40  INFO CreateServiceRunnable:99 - CreateServiceRunnable is running...
2021-10-30 15:21:40  INFO CreateServiceRunnable:338 - Start test mode!
2021-10-30 15:21:45  INFO CreateServiceRunnable:399 - Accepted 111111112
2021-10-30 15:21:45  INFO CreateServiceRunnable:413 - Welcome 111111112,111111112
2021-10-30 15:31:27  INFO CreateServiceRunnable:87 - CreateServiceRunnable initialization complete!
2021-10-30 15:31:27  INFO CreateServiceRunnable:99 - CreateServiceRunnable is running...
2021-10-30 15:31:27  INFO CreateServiceRunnable:338 - Start test mode!
2021-10-30 15:31:34  INFO CreateServiceRunnable:399 - Accepted 111111112
2021-10-30 15:31:34  INFO CreateServiceRunnable:413 - Welcome 111111112,111111112
2021-10-30 15:31:57  INFO CreateServiceRunnable:87 - CreateServiceRunnable initialization complete!
2021-10-30 15:31:57  INFO CreateServiceRunnable:99 - CreateServiceRunnable is running...
2021-10-30 15:31:57  INFO CreateServiceRunnable:338 - Start test mode!
2021-10-30 15:32:03  INFO CreateServiceRunnable:399 - Accepted 111111112
2021-10-30 15:32:03  INFO CreateServiceRunnable:413 - Welcome 111111112,111111112
2021-10-30 15:39:34  INFO CreateServiceRunnable:87 - CreateServiceRunnable initialization complete!
2021-10-30 15:39:34  INFO CreateServiceRunnable:99 - CreateServiceRunnable is running...
2021-10-30 15:39:34  INFO CreateServiceRunnable:338 - Start test mode!
2021-10-30 15:39:39  INFO CreateServiceRunnable:399 - Accepted 111111112
2021-10-30 15:39:39  INFO CreateServiceRunnable:413 - Welcome 111111112,111111112
2021-10-30 15:40:50  INFO CreateServiceRunnable:87 - CreateServiceRunnable initialization complete!
2021-10-30 15:40:50  INFO CreateServiceRunnable:99 - CreateServiceRunnable is running...
2021-10-30 15:40:50  INFO CreateServiceRunnable:338 - Start test mode!
2021-10-30 15:40:58  INFO CreateServiceRunnable:399 - Accepted 111111112
2021-10-30 15:40:58  INFO CreateServiceRunnable:413 - Welcome 111111112,111111112
2021-10-30 15:43:57  INFO CreateServiceRunnable:87 - CreateServiceRunnable initialization complete!
2021-10-30 15:43:57  INFO CreateServiceRunnable:99 - CreateServiceRunnable is running...
2021-10-30 15:43:57  INFO CreateServiceRunnable:338 - Start test mode!
2021-10-30 15:44:02  INFO CreateServiceRunnable:399 - Accepted 111111112
2021-10-30 15:44:02  INFO CreateServiceRunnable:413 - Welcome 111111112,111111112
2021-10-30 15:45:38  INFO CreateServiceRunnable:87 - CreateServiceRunnable initialization complete!
2021-10-30 15:45:38  INFO CreateServiceRunnable:99 - CreateServiceRunnable is running...
2021-10-30 15:45:38  INFO CreateServiceRunnable:338 - Start test mode!
2021-10-30 15:45:45  INFO CreateServiceRunnable:399 - Accepted 111111112
2021-10-30 15:45:45  INFO CreateServiceRunnable:413 - Welcome 111111112,111111112
2021-10-30 15:49:00  INFO CreateServiceRunnable:87 - CreateServiceRunnable initialization complete!
2021-10-30 15:49:00  INFO CreateServiceRunnable:99 - CreateServiceRunnable is running...
2021-10-30 15:49:00  INFO CreateServiceRunnable:338 - Start test mode!
2021-10-30 15:49:08  INFO CreateServiceRunnable:399 - Accepted 111111112
2021-10-30 15:49:08  INFO CreateServiceRunnable:413 - Welcome 111111112,111111112
2021-10-30 16:00:15  INFO CreateServiceRunnable:87 - CreateServiceRunnable initialization complete!
2021-10-30 16:00:15  INFO CreateServiceRunnable:99 - CreateServiceRunnable is running...
2021-10-30 16:00:15  INFO CreateServiceRunnable:338 - Start test mode!
2021-10-30 16:00:17  INFO CreateServiceRunnable:399 - Accepted 111111112
2021-10-30 16:00:17  INFO CreateServiceRunnable:413 - Welcome 111111112,111111112
2021-10-30 16:01:24  INFO CreateServiceRunnable:87 - CreateServiceRunnable initialization complete!
2021-10-30 16:01:24  INFO CreateServiceRunnable:99 - CreateServiceRunnable is running...
2021-10-30 16:01:24  INFO CreateServiceRunnable:338 - Start test mode!
2021-10-30 16:01:31  INFO CreateServiceRunnable:399 - Accepted 111111112
2021-10-30 16:01:31  INFO CreateServiceRunnable:413 - Welcome 111111112,111111112
2021-10-30 16:04:54  INFO CreateServiceRunnable:87 - CreateServiceRunnable initialization complete!
2021-10-30 16:04:54  INFO CreateServiceRunnable:99 - CreateServiceRunnable is running...
2021-10-30 16:04:54  INFO CreateServiceRunnable:338 - Start test mode!
2021-10-30 16:05:02  INFO CreateServiceRunnable:399 - Accepted 111111112
2021-10-30 16:05:02  INFO CreateServiceRunnable:413 - Welcome 111111112,111111112
2021-10-31 12:26:43  INFO CreateServiceRunnable:87 - CreateServiceRunnable initialization complete!
2021-10-31 12:26:43  INFO CreateServiceRunnable:99 - CreateServiceRunnable is running...
2021-10-31 12:26:43  INFO CreateServiceRunnable:338 - Start test mode!
2021-10-31 12:28:13  INFO CreateServiceRunnable:399 - Accepted 111111112
2021-10-31 12:28:13  INFO CreateServiceRunnable:413 - Welcome 111111112,111111112
2021-10-31 12:28:37  INFO CreateServiceRunnable:399 - Accepted 111111112
2021-10-31 12:28:37  INFO CreateServiceRunnable:413 - Welcome 111111112,111111112
2021-10-31 12:28:51  INFO CreateServiceRunnable:399 - Accepted 111111112
2021-10-31 12:28:51  INFO CreateServiceRunnable:413 - Welcome 111111112,111111112
2021-10-31 15:45:38  INFO CreateServiceRunnable:399 - Accepted 111111112
2021-10-31 15:45:38  INFO CreateServiceRunnable:413 - Welcome 111111112,111111112
2021-10-31 15:48:48  INFO CreateServiceRunnable:87 - CreateServiceRunnable initialization complete!
2021-10-31 15:48:48  INFO CreateServiceRunnable:99 - CreateServiceRunnable is running...
2021-10-31 15:48:48  INFO CreateServiceRunnable:338 - Start test mode!
2021-10-31 15:49:33  INFO CreateServiceRunnable:399 - Accepted 111111112
2021-10-31 15:49:33  INFO CreateServiceRunnable:413 - Welcome 111111112,111111112
2021-10-31 16:25:01  INFO CreateServiceRunnable:87 - CreateServiceRunnable initialization complete!
2021-10-31 16:25:01  INFO CreateServiceRunnable:99 - CreateServiceRunnable is running...
2021-10-31 16:25:01  INFO CreateServiceRunnable:338 - Start test mode!
2021-10-31 16:25:06  INFO CreateServiceRunnable:399 - Accepted 111111112
2021-10-31 16:25:06  INFO CreateServiceRunnable:413 - Welcome 111111112,111111112
2021-10-31 16:31:51  INFO CreateServiceRunnable:87 - CreateServiceRunnable initialization complete!
2021-10-31 16:31:51  INFO CreateServiceRunnable:99 - CreateServiceRunnable is running...
2021-10-31 16:31:51  INFO CreateServiceRunnable:338 - Start test mode!
2021-10-31 16:31:57  INFO CreateServiceRunnable:399 - Accepted 111111112
2021-10-31 16:31:57  INFO CreateServiceRunnable:413 - Welcome 111111112,111111112
2021-10-31 16:32:05  INFO CreateServiceRunnable:399 - Accepted 111111112
2021-10-31 16:32:05  INFO CreateServiceRunnable:413 - Welcome 111111112,111111112
2021-10-31 16:32:09  INFO CreateServiceRunnable:399 - Accepted 111111112
2021-10-31 16:32:09  INFO CreateServiceRunnable:413 - Welcome 111111112,111111112
2021-10-31 16:32:13  INFO CreateServiceRunnable:399 - Accepted 111111112
2021-10-31 16:32:13  INFO CreateServiceRunnable:413 - Welcome 111111112,111111112
2021-10-31 16:32:24  INFO CreateServiceRunnable:399 - Accepted 111111112
2021-10-31 16:32:24  INFO CreateServiceRunnable:413 - Welcome 111111112,111111112
2021-10-31 16:33:21  INFO CreateServiceRunnable:87 - CreateServiceRunnable initialization complete!
2021-10-31 16:33:21  INFO CreateServiceRunnable:99 - CreateServiceRunnable is running...
2021-10-31 16:33:21  INFO CreateServiceRunnable:338 - Start test mode!
2021-10-31 16:33:26  INFO CreateServiceRunnable:399 - Accepted 111111112
2021-10-31 16:33:26  INFO CreateServiceRunnable:413 - Welcome 111111112,111111112
2021-10-31 17:14:12  INFO CreateServiceRunnable:87 - CreateServiceRunnable initialization complete!
2021-10-31 17:14:12  INFO CreateServiceRunnable:99 - CreateServiceRunnable is running...
2021-10-31 17:14:12  INFO CreateServiceRunnable:338 - Start test mode!
2021-10-31 17:14:24  INFO CreateServiceRunnable:399 - Accepted 111111112
2021-10-31 17:14:24  INFO CreateServiceRunnable:413 - Welcome 111111112,111111112
2021-10-31 17:15:28  INFO CreateServiceRunnable:87 - CreateServiceRunnable initialization complete!
2021-10-31 17:15:28  INFO CreateServiceRunnable:99 - CreateServiceRunnable is running...
2021-10-31 17:15:28  INFO CreateServiceRunnable:338 - Start test mode!
2021-10-31 17:15:31  INFO CreateServiceRunnable:399 - Accepted 111111112
2021-10-31 17:15:31  INFO CreateServiceRunnable:413 - Welcome 111111112,111111112
2021-10-31 17:16:26  INFO CreateServiceRunnable:87 - CreateServiceRunnable initialization complete!
2021-10-31 17:16:26  INFO CreateServiceRunnable:99 - CreateServiceRunnable is running...
2021-10-31 17:16:26  INFO CreateServiceRunnable:338 - Start test mode!
2021-10-31 17:16:28  INFO CreateServiceRunnable:399 - Accepted 111111112
2021-10-31 17:16:28  INFO CreateServiceRunnable:413 - Welcome 111111112,111111112
2021-10-31 17:34:54  INFO CreateServiceRunnable:399 - Accepted 111111112
2021-10-31 17:34:54  INFO CreateServiceRunnable:413 - Welcome 111111112,111111112
2021-10-31 17:35:07  INFO CreateServiceRunnable:87 - CreateServiceRunnable initialization complete!
2021-10-31 17:35:07  INFO CreateServiceRunnable:99 - CreateServiceRunnable is running...
2021-10-31 17:35:07  INFO CreateServiceRunnable:338 - Start test mode!
2021-10-31 17:35:10  INFO CreateServiceRunnable:399 - Accepted 111111112
2021-10-31 17:35:10  INFO CreateServiceRunnable:413 - Welcome 111111112,111111112
2021-10-31 18:59:27  INFO CreateServiceRunnable:87 - CreateServiceRunnable initialization complete!
2021-10-31 18:59:27  INFO CreateServiceRunnable:99 - CreateServiceRunnable is running...
2021-10-31 18:59:27  INFO CreateServiceRunnable:338 - Start test mode!
2021-10-31 18:59:30  INFO CreateServiceRunnable:399 - Accepted 111111112
2021-10-31 18:59:30  INFO CreateServiceRunnable:413 - Welcome 111111112,111111112
